{"numFailedTestSuites":4,"numFailedTests":10,"numPassedTestSuites":2,"numPassedTests":52,"numPendingTestSuites":0,"numPendingTests":0,"numRuntimeErrorTestSuites":0,"numTodoTests":0,"numTotalTestSuites":6,"numTotalTests":62,"openHandles":[],"snapshot":{"added":0,"didUpdate":false,"failure":false,"filesAdded":0,"filesRemoved":0,"filesRemovedList":[],"filesUnmatched":0,"filesUpdated":0,"matched":0,"total":0,"unchecked":0,"uncheckedKeysByFile":[],"unmatched":0,"updated":0},"startTime":1783278920082,"success":false,"testResults":[{"assertionResults":[{"ancestorTitles":["Wallet — withdrawal"],"duration":1014,"failing":false,"failureDetails":[],"failureMessages":[],"fullName":"Wallet — withdrawal rejects withdrawal for non-technician","invocations":1,"location":null,"numPassingAsserts":1,"retryReasons":[],"startAt":1783278930590,"status":"passed","title":"rejects withdrawal for non-technician"},{"ancestorTitles":["Wallet — withdrawal"],"duration":674,"failing":false,"failureDetails":[],"failureMessages":[],"fullName":"Wallet — withdrawal rejects withdrawal below ₹500 minimum","invocations":1,"location":null,"numPassingAsserts":2,"retryReasons":[],"startAt":1783278931606,"status":"passed","title":"rejects withdrawal below ₹500 minimum"},{"ancestorTitles":["Wallet — withdrawal"],"duration":460,"failing":false,"failureDetails":[],"failureMessages":[],"fullName":"Wallet — withdrawal rejects withdrawal exceeding wallet balance","invocations":1,"location":null,"numPassingAsserts":2,"retryReasons":[],"startAt":1783278932281,"status":"passed","title":"rejects withdrawal exceeding wallet balance"},{"ancestorTitles":["Wallet — withdrawal"],"duration":402,"failing":false,"failureDetails":[{"matcherResult":{"actual":500,"expected":200,"message":"expect(received).toBe(expected) // Object.is equality\n\nExpected: 200\nReceived: 500","name":"toBe","pass":false}}],"failureMessages":["Error: expect(received).toBe(expected) // Object.is equality\n\nExpected: 200\nReceived: 500\n    at Object.toBe (C:\\Users\\anand\\OneDrive\\Desktop\\fix\\fixngo\\backend\\src\\tests\\wallet.test.js:79:24)\n    at processTicksAndRejections (node:internal/process/task_queues:105:5)"],"fullName":"Wallet — withdrawal accepts valid withdrawal and debits wallet (payouts disabled mode)","invocations":1,"location":null,"numPassingAsserts":0,"retryReasons":[],"startAt":1783278932741,"status":"failed","title":"accepts valid withdrawal and debits wallet (payouts disabled mode)"}],"endTime":1783278933305,"message":"  ● Wallet — withdrawal › accepts valid withdrawal and debits wallet (payouts disabled mode)\n\n    expect(received).toBe(expected) // Object.is equality\n\n    Expected: 200\n    Received: 500\n\n    \u001b[0m \u001b[90m 77 |\u001b[39m\n     \u001b[90m 78 |\u001b[39m     \u001b[90m// Should succeed (payouts disabled by default in test env)\u001b[39m\n    \u001b[31m\u001b[1m>\u001b[22m\u001b[39m\u001b[90m 79 |\u001b[39m     expect(res\u001b[33m.\u001b[39mstatus)\u001b[33m.\u001b[39mtoBe(\u001b[35m200\u001b[39m)\u001b[33m;\u001b[39m\n     \u001b[90m    |\u001b[39m                        \u001b[31m\u001b[1m^\u001b[22m\u001b[39m\n     \u001b[90m 80 |\u001b[39m     expect(res\u001b[33m.\u001b[39mbody\u001b[33m.\u001b[39msuccess)\u001b[33m.\u001b[39mtoBe(\u001b[36mtrue\u001b[39m)\u001b[33m;\u001b[39m\n     \u001b[90m 81 |\u001b[39m\n     \u001b[90m 82 |\u001b[39m     \u001b[90m// Wallet balance should be debited\u001b[39m\u001b[0m\n\n      at Object.toBe (src/tests/wallet.test.js:79:24)\n","name":"C:\\Users\\anand\\OneDrive\\Desktop\\fix\\fixngo\\backend\\src\\tests\\wallet.test.js","startTime":1783278924079,"status":"failed","summary":""},{"assertionResults":[{"ancestorTitles":["Orders — create"],"duration":1222,"failing":false,"failureDetails":[],"failureMessages":[],"fullName":"Orders — create creates an order for authenticated customer","invocations":1,"location":null,"numPassingAsserts":3,"retryReasons":[],"startAt":1783278930637,"status":"passed","title":"creates an order for authenticated customer"},{"ancestorTitles":["Orders — create"],"duration":645,"failing":false,"failureDetails":[],"failureMessages":[],"fullName":"Orders — create rejects order creation without auth","invocations":1,"location":null,"numPassingAsserts":1,"retryReasons":[],"startAt":1783278931862,"status":"passed","title":"rejects order creation without auth"},{"ancestorTitles":["Orders — create"],"duration":255,"failing":false,"failureDetails":[],"failureMessages":[],"fullName":"Orders — create rejects incomplete order payload","invocations":1,"location":null,"numPassingAsserts":1,"retryReasons":[],"startAt":1783278932508,"status":"passed","title":"rejects incomplete order payload"},{"ancestorTitles":["Orders — fetch"],"duration":283,"failing":false,"failureDetails":[],"failureMessages":[],"fullName":"Orders — fetch returns order list for customer","invocations":1,"location":null,"numPassingAsserts":4,"retryReasons":[],"startAt":1783278932763,"status":"passed","title":"returns order list for customer"},{"ancestorTitles":["Orders — fetch"],"duration":275,"failing":false,"failureDetails":[],"failureMessages":[],"fullName":"Orders — fetch returns 401 without auth","invocations":1,"location":null,"numPassingAsserts":1,"retryReasons":[],"startAt":1783278933047,"status":"passed","title":"returns 401 without auth"},{"ancestorTitles":["Orders — status transitions"],"duration":29,"failing":false,"failureDetails":[],"failureMessages":[],"fullName":"Orders — status transitions pending status allows assignment and cancellation","invocations":1,"location":null,"numPassingAsserts":4,"retryReasons":[],"startAt":1783278933323,"status":"passed","title":"pending status allows assignment and cancellation"}],"endTime":1783278933502,"message":"","name":"C:\\Users\\anand\\OneDrive\\Desktop\\fix\\fixngo\\backend\\src\\tests\\orders.test.js","startTime":1783278924076,"status":"passed","summary":""},{"assertionResults":[{"ancestorTitles":["Auth — register"],"duration":1134,"failing":false,"failureDetails":[],"failureMessages":[],"fullName":"Auth — register registers a new customer and returns a token","invocations":1,"location":null,"numPassingAsserts":3,"retryReasons":[],"startAt":1783278930690,"status":"passed","title":"registers a new customer and returns a token"},{"ancestorTitles":["Auth — register"],"duration":499,"failing":false,"failureDetails":[],"failureMessages":[],"fullName":"Auth — register rejects duplicate email with 409","invocations":1,"location":null,"numPassingAsserts":1,"retryReasons":[],"startAt":1783278931826,"status":"passed","title":"rejects duplicate email with 409"},{"ancestorTitles":["Auth — register"],"duration":202,"failing":false,"failureDetails":[],"failureMessages":[],"fullName":"Auth — register rejects missing fields with 400","invocations":1,"location":null,"numPassingAsserts":1,"retryReasons":[],"startAt":1783278932325,"status":"passed","title":"rejects missing fields with 400"},{"ancestorTitles":["Auth — login"],"duration":375,"failing":false,"failureDetails":[],"failureMessages":[],"fullName":"Auth — login logs in with correct credentials","invocations":1,"location":null,"numPassingAsserts":2,"retryReasons":[],"startAt":1783278932528,"status":"passed","title":"logs in with correct credentials"},{"ancestorTitles":["Auth — login"],"duration":340,"failing":false,"failureDetails":[],"failureMessages":[],"fullName":"Auth — login rejects wrong password with 401","invocations":1,"location":null,"numPassingAsserts":1,"retryReasons":[],"startAt":1783278932904,"status":"passed","title":"rejects wrong password with 401"},{"ancestorTitles":["Auth — login"],"duration":234,"failing":false,"failureDetails":[],"failureMessages":[],"fullName":"Auth — login rejects unknown email with 404","invocations":1,"location":null,"numPassingAsserts":1,"retryReasons":[],"startAt":1783278933244,"status":"passed","title":"rejects unknown email with 404"},{"ancestorTitles":["Auth — profile"],"duration":211,"failing":false,"failureDetails":[],"failureMessages":[],"fullName":"Auth — profile returns profile for authenticated user","invocations":1,"location":null,"numPassingAsserts":2,"retryReasons":[],"startAt":1783278933478,"status":"passed","title":"returns profile for authenticated user"},{"ancestorTitles":["Auth — profile"],"duration":186,"failing":false,"failureDetails":[],"failureMessages":[],"fullName":"Auth — profile returns 401 without token","invocations":1,"location":null,"numPassingAsserts":1,"retryReasons":[],"startAt":1783278933690,"status":"passed","title":"returns 401 without token"}],"endTime":1783278934004,"message":"","name":"C:\\Users\\anand\\OneDrive\\Desktop\\fix\\fixngo\\backend\\src\\tests\\auth.test.js","startTime":1783278924081,"status":"passed","summary":""},{"assertionResults":[{"ancestorTitles":["Payment — Create Intent"],"duration":1466,"failing":false,"failureDetails":[],"failureMessages":[],"fullName":"Payment — Create Intent requires authentication","invocations":1,"location":null,"numPassingAsserts":1,"retryReasons":[],"startAt":1783278930637,"status":"passed","title":"requires authentication"},{"ancestorTitles":["Payment — Create Intent"],"duration":490,"failing":false,"failureDetails":[],"failureMessages":[],"fullName":"Payment — Create Intent rejects creation for non-existent order","invocations":1,"location":null,"numPassingAsserts":1,"retryReasons":[],"startAt":1783278932105,"status":"passed","title":"rejects creation for non-existent order"},{"ancestorTitles":["Payment — Create Intent"],"duration":299,"failing":false,"failureDetails":[],"failureMessages":[],"fullName":"Payment — Create Intent rejects creation without required fields","invocations":1,"location":null,"numPassingAsserts":1,"retryReasons":[],"startAt":1783278932596,"status":"passed","title":"rejects creation without required fields"},{"ancestorTitles":["Payment — Create Intent"],"duration":712,"failing":false,"failureDetails":[{"matcherResult":{"message":"expect(received).toContain(expected) // indexOf\n\nExpected value: 201\nReceived array: [200, 400, 500, 503]","pass":false}}],"failureMessages":["Error: expect(received).toContain(expected) // indexOf\n\nExpected value: 201\nReceived array: [200, 400, 500, 503]\n    at Object.toContain (C:\\Users\\anand\\OneDrive\\Desktop\\fix\\fixngo\\backend\\src\\tests\\payment.test.js:80:34)\n    at processTicksAndRejections (node:internal/process/task_queues:105:5)"],"fullName":"Payment — Create Intent returns an error (not success) when Stripe key is invalid/test","invocations":1,"location":null,"numPassingAsserts":0,"retryReasons":[],"startAt":1783278932895,"status":"failed","title":"returns an error (not success) when Stripe key is invalid/test"},{"ancestorTitles":["Payment — Confirmation Guards"],"duration":239,"failing":false,"failureDetails":[],"failureMessages":[],"fullName":"Payment — Confirmation Guards rejects confirmation without auth","invocations":1,"location":null,"numPassingAsserts":1,"retryReasons":[],"startAt":1783278933608,"status":"passed","title":"rejects confirmation without auth"},{"ancestorTitles":["Payment — Confirmation Guards"],"duration":254,"failing":false,"failureDetails":[],"failureMessages":[],"fullName":"Payment — Confirmation Guards rejects test payment intents in test env when configured as production","invocations":1,"location":null,"numPassingAsserts":1,"retryReasons":[],"startAt":1783278933847,"status":"passed","title":"rejects test payment intents in test env when configured as production"},{"ancestorTitles":["Payment — Confirmation Guards"],"duration":214,"failing":false,"failureDetails":[],"failureMessages":[],"fullName":"Payment — Confirmation Guards rejects confirmation for non-existent order","invocations":1,"location":null,"numPassingAsserts":1,"retryReasons":[],"startAt":1783278934102,"status":"passed","title":"rejects confirmation for non-existent order"},{"ancestorTitles":["Payment — Confirmation Guards"],"duration":204,"failing":false,"failureDetails":[],"failureMessages":[],"fullName":"Payment — Confirmation Guards rejects payment when amount does not match order total","invocations":1,"location":null,"numPassingAsserts":0,"retryReasons":[],"startAt":1783278934316,"status":"passed","title":"rejects payment when amount does not match order total"},{"ancestorTitles":["Payment — Wallet & Withdrawals"],"duration":176,"failing":false,"failureDetails":[],"failureMessages":[],"fullName":"Payment — Wallet & Withdrawals technician can view their wallet","invocations":1,"location":null,"numPassingAsserts":2,"retryReasons":[],"startAt":1783278934520,"status":"passed","title":"technician can view their wallet"},{"ancestorTitles":["Payment — Wallet & Withdrawals"],"duration":169,"failing":false,"failureDetails":[{"matcherResult":{"message":"expect(received).toContain(expected) // indexOf\n\nExpected value: 200\nReceived array: [400, 422]","pass":false}}],"failureMessages":["Error: expect(received).toContain(expected) // indexOf\n\nExpected value: 200\nReceived array: [400, 422]\n    at Object.toContain (C:\\Users\\anand\\OneDrive\\Desktop\\fix\\fixngo\\backend\\src\\tests\\payment.test.js:171:24)\n    at processTicksAndRejections (node:internal/process/task_queues:105:5)"],"fullName":"Payment — Wallet & Withdrawals rejects withdrawal request without bank details","invocations":1,"location":null,"numPassingAsserts":0,"retryReasons":[],"startAt":1783278934696,"status":"failed","title":"rejects withdrawal request without bank details"},{"ancestorTitles":["Payment — Wallet & Withdrawals"],"duration":157,"failing":false,"failureDetails":[{"matcherResult":{"message":"expect(received).toContain(expected) // indexOf\n\nExpected value: 200\nReceived array: [400, 422]","pass":false}}],"failureMessages":["Error: expect(received).toContain(expected) // indexOf\n\nExpected value: 200\nReceived array: [400, 422]\n    at Object.toContain (C:\\Users\\anand\\OneDrive\\Desktop\\fix\\fixngo\\backend\\src\\tests\\payment.test.js:182:24)\n    at processTicksAndRejections (node:internal/process/task_queues:105:5)"],"fullName":"Payment — Wallet & Withdrawals rejects withdrawal of more than wallet balance","invocations":1,"location":null,"numPassingAsserts":0,"retryReasons":[],"startAt":1783278934865,"status":"failed","title":"rejects withdrawal of more than wallet balance"},{"ancestorTitles":["Payment — Wallet & Withdrawals"],"duration":283,"failing":false,"failureDetails":[],"failureMessages":[],"fullName":"Payment — Wallet & Withdrawals customer cannot request withdrawal","invocations":1,"location":null,"numPassingAsserts":1,"retryReasons":[],"startAt":1783278935022,"status":"passed","title":"customer cannot request withdrawal"},{"ancestorTitles":["Payment — Razorpay Webhook Security"],"duration":26,"failing":false,"failureDetails":[{"matcherResult":{"message":"expect(received).toContain(expected) // indexOf\n\nExpected value: 404\nReceived array: [400, 401]","pass":false}}],"failureMessages":["Error: expect(received).toContain(expected) // indexOf\n\nExpected value: 404\nReceived array: [400, 401]\n    at Object.toContain (C:\\Users\\anand\\OneDrive\\Desktop\\fix\\fixngo\\backend\\src\\tests\\payment.test.js:202:24)\n    at processTicksAndRejections (node:internal/process/task_queues:105:5)"],"fullName":"Payment — Razorpay Webhook Security rejects webhook without signature header","invocations":1,"location":null,"numPassingAsserts":0,"retryReasons":[],"startAt":1783278935305,"status":"failed","title":"rejects webhook without signature header"},{"ancestorTitles":["Payment — Razorpay Webhook Security"],"duration":26,"failing":false,"failureDetails":[{"matcherResult":{"actual":404,"expected":400,"message":"expect(received).toBe(expected) // Object.is equality\n\nExpected: 400\nReceived: 404","name":"toBe","pass":false}}],"failureMessages":["Error: expect(received).toBe(expected) // Object.is equality\n\nExpected: 400\nReceived: 404\n    at Object.toBe (C:\\Users\\anand\\OneDrive\\Desktop\\fix\\fixngo\\backend\\src\\tests\\payment.test.js:210:24)\n    at processTicksAndRejections (node:internal/process/task_queues:105:5)"],"fullName":"Payment — Razorpay Webhook Security rejects webhook with invalid signature","invocations":1,"location":null,"numPassingAsserts":0,"retryReasons":[],"startAt":1783278935331,"status":"failed","title":"rejects webhook with invalid signature"}],"endTime":1783278935512,"message":"  ● Payment — Create Intent › returns an error (not success) when Stripe key is invalid/test\n\n    expect(received).toContain(expected) // indexOf\n\n    Expected value: 201\n    Received array: [200, 400, 500, 503]\n\n    \u001b[0m \u001b[90m 78 |\u001b[39m       \u001b[33m.\u001b[39msend({ orderId\u001b[33m,\u001b[39m amount\u001b[33m:\u001b[39m \u001b[35m800\u001b[39m })\u001b[33m;\u001b[39m\n     \u001b[90m 79 |\u001b[39m     \u001b[90m// In test env without real Stripe key, expect either a Stripe error or mock response\u001b[39m\n    \u001b[31m\u001b[1m>\u001b[22m\u001b[39m\u001b[90m 80 |\u001b[39m     expect([\u001b[35m200\u001b[39m\u001b[33m,\u001b[39m \u001b[35m400\u001b[39m\u001b[33m,\u001b[39m \u001b[35m500\u001b[39m\u001b[33m,\u001b[39m \u001b[35m503\u001b[39m])\u001b[33m.\u001b[39mtoContain(res\u001b[33m.\u001b[39mstatus)\u001b[33m;\u001b[39m\n     \u001b[90m    |\u001b[39m                                  \u001b[31m\u001b[1m^\u001b[22m\u001b[39m\n     \u001b[90m 81 |\u001b[39m     \u001b[90m// CRITICAL: must never silently succeed with { success: true } when Stripe fails\u001b[39m\n     \u001b[90m 82 |\u001b[39m     \u001b[36mif\u001b[39m (res\u001b[33m.\u001b[39mstatus \u001b[33m>=\u001b[39m \u001b[35m400\u001b[39m) {\n     \u001b[90m 83 |\u001b[39m       expect(res\u001b[33m.\u001b[39mbody\u001b[33m.\u001b[39msuccess)\u001b[33m.\u001b[39mnot\u001b[33m.\u001b[39mtoBe(\u001b[36mtrue\u001b[39m)\u001b[33m;\u001b[39m\u001b[0m\n\n      at Object.toContain (src/tests/payment.test.js:80:34)\n\n  ● Payment — Wallet & Withdrawals › rejects withdrawal request without bank details\n\n    expect(received).toContain(expected) // indexOf\n\n    Expected value: 200\n    Received array: [400, 422]\n\n    \u001b[0m \u001b[90m 169 |\u001b[39m       \u001b[33m.\u001b[39m\u001b[36mset\u001b[39m(\u001b[32m'Authorization'\u001b[39m\u001b[33m,\u001b[39m \u001b[32m`Bearer ${techToken}`\u001b[39m)\n     \u001b[90m 170 |\u001b[39m       \u001b[33m.\u001b[39msend({ amount\u001b[33m:\u001b[39m \u001b[35m500\u001b[39m })\u001b[33m;\u001b[39m \u001b[90m// missing bankAccount\u001b[39m\n    \u001b[31m\u001b[1m>\u001b[22m\u001b[39m\u001b[90m 171 |\u001b[39m     expect([\u001b[35m400\u001b[39m\u001b[33m,\u001b[39m \u001b[35m422\u001b[39m])\u001b[33m.\u001b[39mtoContain(res\u001b[33m.\u001b[39mstatus)\u001b[33m;\u001b[39m\n     \u001b[90m     |\u001b[39m                        \u001b[31m\u001b[1m^\u001b[22m\u001b[39m\n     \u001b[90m 172 |\u001b[39m   })\u001b[33m;\u001b[39m\n     \u001b[90m 173 |\u001b[39m\n     \u001b[90m 174 |\u001b[39m   it(\u001b[32m'rejects withdrawal of more than wallet balance'\u001b[39m\u001b[33m,\u001b[39m \u001b[36masync\u001b[39m () \u001b[33m=>\u001b[39m {\u001b[0m\n\n      at Object.toContain (src/tests/payment.test.js:171:24)\n\n  ● Payment — Wallet & Withdrawals › rejects withdrawal of more than wallet balance\n\n    expect(received).toContain(expected) // indexOf\n\n    Expected value: 200\n    Received array: [400, 422]\n\n    \u001b[0m \u001b[90m 180 |\u001b[39m         bankAccount\u001b[33m:\u001b[39m { accountName\u001b[33m:\u001b[39m \u001b[32m'Test'\u001b[39m\u001b[33m,\u001b[39m accountNumber\u001b[33m:\u001b[39m \u001b[32m'123456789'\u001b[39m\u001b[33m,\u001b[39m ifscCode\u001b[33m:\u001b[39m \u001b[32m'SBIN0001234'\u001b[39m }\u001b[33m,\u001b[39m\n     \u001b[90m 181 |\u001b[39m       })\u001b[33m;\u001b[39m\n    \u001b[31m\u001b[1m>\u001b[22m\u001b[39m\u001b[90m 182 |\u001b[39m     expect([\u001b[35m400\u001b[39m\u001b[33m,\u001b[39m \u001b[35m422\u001b[39m])\u001b[33m.\u001b[39mtoContain(res\u001b[33m.\u001b[39mstatus)\u001b[33m;\u001b[39m\n     \u001b[90m     |\u001b[39m                        \u001b[31m\u001b[1m^\u001b[22m\u001b[39m\n     \u001b[90m 183 |\u001b[39m   })\u001b[33m;\u001b[39m\n     \u001b[90m 184 |\u001b[39m\n     \u001b[90m 185 |\u001b[39m   it(\u001b[32m'customer cannot request withdrawal'\u001b[39m\u001b[33m,\u001b[39m \u001b[36masync\u001b[39m () \u001b[33m=>\u001b[39m {\u001b[0m\n\n      at Object.toContain (src/tests/payment.test.js:182:24)\n\n  ● Payment — Razorpay Webhook Security › rejects webhook without signature header\n\n    expect(received).toContain(expected) // indexOf\n\n    Expected value: 404\n    Received array: [400, 401]\n\n    \u001b[0m \u001b[90m 200 |\u001b[39m       \u001b[33m.\u001b[39mpost(\u001b[32m'/api/payments/webhook/razorpay'\u001b[39m)\n     \u001b[90m 201 |\u001b[39m       \u001b[33m.\u001b[39msend({ event\u001b[33m:\u001b[39m \u001b[32m'payment.captured'\u001b[39m\u001b[33m,\u001b[39m payload\u001b[33m:\u001b[39m {} })\u001b[33m;\u001b[39m\n    \u001b[31m\u001b[1m>\u001b[22m\u001b[39m\u001b[90m 202 |\u001b[39m     expect([\u001b[35m400\u001b[39m\u001b[33m,\u001b[39m \u001b[35m401\u001b[39m])\u001b[33m.\u001b[39mtoContain(res\u001b[33m.\u001b[39mstatus)\u001b[33m;\u001b[39m\n     \u001b[90m     |\u001b[39m                        \u001b[31m\u001b[1m^\u001b[22m\u001b[39m\n     \u001b[90m 203 |\u001b[39m   })\u001b[33m;\u001b[39m\n     \u001b[90m 204 |\u001b[39m\n     \u001b[90m 205 |\u001b[39m   it(\u001b[32m'rejects webhook with invalid signature'\u001b[39m\u001b[33m,\u001b[39m \u001b[36masync\u001b[39m () \u001b[33m=>\u001b[39m {\u001b[0m\n\n      at Object.toContain (src/tests/payment.test.js:202:24)\n\n  ● Payment — Razorpay Webhook Security › rejects webhook with invalid signature\n\n    expect(received).toBe(expected) // Object.is equality\n\n    Expected: 400\n    Received: 404\n\n    \u001b[0m \u001b[90m 208 |\u001b[39m       \u001b[33m.\u001b[39m\u001b[36mset\u001b[39m(\u001b[32m'x-razorpay-signature'\u001b[39m\u001b[33m,\u001b[39m \u001b[32m'invalid_signature_here'\u001b[39m)\n     \u001b[90m 209 |\u001b[39m       \u001b[33m.\u001b[39msend({ event\u001b[33m:\u001b[39m \u001b[32m'payment.captured'\u001b[39m\u001b[33m,\u001b[39m payload\u001b[33m:\u001b[39m { payment\u001b[33m:\u001b[39m { entity\u001b[33m:\u001b[39m { order_id\u001b[33m:\u001b[39m \u001b[32m'abc'\u001b[39m } } } })\u001b[33m;\u001b[39m\n    \u001b[31m\u001b[1m>\u001b[22m\u001b[39m\u001b[90m 210 |\u001b[39m     expect(res\u001b[33m.\u001b[39mstatus)\u001b[33m.\u001b[39mtoBe(\u001b[35m400\u001b[39m)\u001b[33m;\u001b[39m\n     \u001b[90m     |\u001b[39m                        \u001b[31m\u001b[1m^\u001b[22m\u001b[39m\n     \u001b[90m 211 |\u001b[39m   })\u001b[33m;\u001b[39m\n     \u001b[90m 212 |\u001b[39m })\u001b[33m;\u001b[39m\n     \u001b[90m 213 |\u001b[39m\u001b[0m\n\n      at Object.toBe (src/tests/payment.test.js:210:24)\n","name":"C:\\Users\\anand\\OneDrive\\Desktop\\fix\\fixngo\\backend\\src\\tests\\payment.test.js","startTime":1783278924073,"status":"failed","summary":""},{"assertionResults":[{"ancestorTitles":["Dispatch — Order Retrieval"],"duration":1217,"failing":false,"failureDetails":[],"failureMessages":[],"fullName":"Dispatch — Order Retrieval technician can list their active jobs","invocations":1,"location":null,"numPassingAsserts":1,"retryReasons":[],"startAt":1783278930570,"status":"passed","title":"technician can list their active jobs"},{"ancestorTitles":["Dispatch — Order Retrieval"],"duration":536,"failing":false,"failureDetails":[],"failureMessages":[],"fullName":"Dispatch — Order Retrieval returns empty list when technician has no jobs","invocations":1,"location":null,"numPassingAsserts":2,"retryReasons":[],"startAt":1783278931789,"status":"passed","title":"returns empty list when technician has no jobs"},{"ancestorTitles":["Dispatch — Accept Race Condition Prevention"],"duration":892,"failing":false,"failureDetails":[],"failureMessages":[],"fullName":"Dispatch — Accept Race Condition Prevention does not allow accepting an order that is already accepted","invocations":1,"location":null,"numPassingAsserts":1,"retryReasons":[],"startAt":1783278932326,"status":"passed","title":"does not allow accepting an order that is already accepted"},{"ancestorTitles":["Dispatch — Accept Race Condition Prevention"],"duration":520,"failing":false,"failureDetails":[],"failureMessages":[],"fullName":"Dispatch — Accept Race Condition Prevention prevents a technician with an active job from accepting another","invocations":1,"location":null,"numPassingAsserts":1,"retryReasons":[],"startAt":1783278933218,"status":"passed","title":"prevents a technician with an active job from accepting another"},{"ancestorTitles":["Dispatch — Reject Behaviour"],"duration":513,"failing":false,"failureDetails":[],"failureMessages":[],"fullName":"Dispatch — Reject Behaviour reject does not reset search radius to 3km","invocations":1,"location":null,"numPassingAsserts":1,"retryReasons":[],"startAt":1783278933739,"status":"passed","title":"reject does not reset search radius to 3km"},{"ancestorTitles":["Dispatch — Reject Behaviour"],"duration":424,"failing":false,"failureDetails":[{"matcherResult":{"message":"expect(received).toContain(expected) // indexOf\n\nExpected value: 200\nReceived array: [400, 403, 404]","pass":false}}],"failureMessages":["Error: expect(received).toContain(expected) // indexOf\n\nExpected value: 200\nReceived array: [400, 403, 404]\n    at Object.toContain (C:\\Users\\anand\\OneDrive\\Desktop\\fix\\fixngo\\backend\\src\\tests\\dispatch.test.js:170:29)\n    at processTicksAndRejections (node:internal/process/task_queues:105:5)"],"fullName":"Dispatch — Reject Behaviour returns error when rejecting a non-offered order","invocations":1,"location":null,"numPassingAsserts":0,"retryReasons":[],"startAt":1783278934253,"status":"failed","title":"returns error when rejecting a non-offered order"},{"ancestorTitles":["Dispatch — Admin Manual Override"],"duration":515,"failing":false,"failureDetails":[],"failureMessages":[],"fullName":"Dispatch — Admin Manual Override admin can assign a technician to an order","invocations":1,"location":null,"numPassingAsserts":2,"retryReasons":[],"startAt":1783278934678,"status":"passed","title":"admin can assign a technician to an order"},{"ancestorTitles":["Dispatch — Admin Manual Override"],"duration":513,"failing":false,"failureDetails":[],"failureMessages":[],"fullName":"Dispatch — Admin Manual Override admin assign updates order status to assigned","invocations":1,"location":null,"numPassingAsserts":2,"retryReasons":[],"startAt":1783278935193,"status":"passed","title":"admin assign updates order status to assigned"},{"ancestorTitles":["Dispatch — Admin Manual Override"],"duration":425,"failing":false,"failureDetails":[],"failureMessages":[],"fullName":"Dispatch — Admin Manual Override admin can force-update order status","invocations":1,"location":null,"numPassingAsserts":2,"retryReasons":[],"startAt":1783278935706,"status":"passed","title":"admin can force-update order status"},{"ancestorTitles":["Dispatch — Admin Manual Override"],"duration":569,"failing":false,"failureDetails":[],"failureMessages":[],"fullName":"Dispatch — Admin Manual Override non-admin cannot access admin assign endpoint","invocations":1,"location":null,"numPassingAsserts":1,"retryReasons":[],"startAt":1783278936132,"status":"passed","title":"non-admin cannot access admin assign endpoint"},{"ancestorTitles":["Dispatch — Order Cancellation"],"duration":243,"failing":false,"failureDetails":[{"matcherResult":{"message":"expect(received).toContain(expected) // indexOf\n\nExpected value: 404\nReceived array: [200, 204]","pass":false}}],"failureMessages":["Error: expect(received).toContain(expected) // indexOf\n\nExpected value: 404\nReceived array: [200, 204]\n    at Object.toContain (C:\\Users\\anand\\OneDrive\\Desktop\\fix\\fixngo\\backend\\src\\tests\\dispatch.test.js:235:24)\n    at processTicksAndRejections (node:internal/process/task_queues:105:5)"],"fullName":"Dispatch — Order Cancellation customer can cancel their own pending order","invocations":1,"location":null,"numPassingAsserts":0,"retryReasons":[],"startAt":1783278936701,"status":"failed","title":"customer can cancel their own pending order"},{"ancestorTitles":["Dispatch — Order Cancellation"],"duration":369,"failing":false,"failureDetails":[],"failureMessages":[],"fullName":"Dispatch — Order Cancellation customer cannot cancel another customer's order","invocations":1,"location":null,"numPassingAsserts":1,"retryReasons":[],"startAt":1783278936945,"status":"passed","title":"customer cannot cancel another customer's order"}],"endTime":1783278937492,"message":"  ● Dispatch — Reject Behaviour › returns error when rejecting a non-offered order\n\n    expect(received).toContain(expected) // indexOf\n\n    Expected value: 200\n    Received array: [400, 403, 404]\n\n    \u001b[0m \u001b[90m 168 |\u001b[39m       \u001b[33m.\u001b[39mpatch(\u001b[32m`/api/orders/${order._id}/reject`\u001b[39m)\n     \u001b[90m 169 |\u001b[39m       \u001b[33m.\u001b[39m\u001b[36mset\u001b[39m(\u001b[32m'Authorization'\u001b[39m\u001b[33m,\u001b[39m \u001b[32m`Bearer ${token}`\u001b[39m)\u001b[33m;\u001b[39m\n    \u001b[31m\u001b[1m>\u001b[22m\u001b[39m\u001b[90m 170 |\u001b[39m     expect([\u001b[35m400\u001b[39m\u001b[33m,\u001b[39m \u001b[35m403\u001b[39m\u001b[33m,\u001b[39m \u001b[35m404\u001b[39m])\u001b[33m.\u001b[39mtoContain(res\u001b[33m.\u001b[39mstatus)\u001b[33m;\u001b[39m\n     \u001b[90m     |\u001b[39m                             \u001b[31m\u001b[1m^\u001b[22m\u001b[39m\n     \u001b[90m 171 |\u001b[39m   })\u001b[33m;\u001b[39m\n     \u001b[90m 172 |\u001b[39m })\u001b[33m;\u001b[39m\n     \u001b[90m 173 |\u001b[39m\u001b[0m\n\n      at Object.toContain (src/tests/dispatch.test.js:170:29)\n\n  ● Dispatch — Order Cancellation › customer can cancel their own pending order\n\n    expect(received).toContain(expected) // indexOf\n\n    Expected value: 404\n    Received array: [200, 204]\n\n    \u001b[0m \u001b[90m 233 |\u001b[39m       \u001b[33m.\u001b[39mpatch(\u001b[32m`/api/orders/${order._id}/cancel`\u001b[39m)\n     \u001b[90m 234 |\u001b[39m       \u001b[33m.\u001b[39m\u001b[36mset\u001b[39m(\u001b[32m'Authorization'\u001b[39m\u001b[33m,\u001b[39m \u001b[32m`Bearer ${token}`\u001b[39m)\u001b[33m;\u001b[39m\n    \u001b[31m\u001b[1m>\u001b[22m\u001b[39m\u001b[90m 235 |\u001b[39m     expect([\u001b[35m200\u001b[39m\u001b[33m,\u001b[39m \u001b[35m204\u001b[39m])\u001b[33m.\u001b[39mtoContain(res\u001b[33m.\u001b[39mstatus)\u001b[33m;\u001b[39m\n     \u001b[90m     |\u001b[39m                        \u001b[31m\u001b[1m^\u001b[22m\u001b[39m\n     \u001b[90m 236 |\u001b[39m   })\u001b[33m;\u001b[39m\n     \u001b[90m 237 |\u001b[39m\n     \u001b[90m 238 |\u001b[39m   it(\u001b[32m'customer cannot cancel another customer\\'s order'\u001b[39m\u001b[33m,\u001b[39m \u001b[36masync\u001b[39m () \u001b[33m=>\u001b[39m {\u001b[0m\n\n      at Object.toContain (src/tests/dispatch.test.js:235:24)\n","name":"C:\\Users\\anand\\OneDrive\\Desktop\\fix\\fixngo\\backend\\src\\tests\\dispatch.test.js","startTime":1783278924081,"status":"failed","summary":""},{"assertionResults":[{"ancestorTitles":["Booking — Create Order"],"duration":1135,"failing":false,"failureDetails":[],"failureMessages":[],"fullName":"Booking — Create Order creates an order and returns 201 with order data","invocations":1,"location":null,"numPassingAsserts":4,"retryReasons":[],"startAt":1783278930510,"status":"passed","title":"creates an order and returns 201 with order data"},{"ancestorTitles":["Booking — Create Order"],"duration":457,"failing":false,"failureDetails":[],"failureMessages":[],"fullName":"Booking — Create Order sets dispatchStatus to \"searching\" on creation","invocations":1,"location":null,"numPassingAsserts":2,"retryReasons":[],"startAt":1783278931648,"status":"passed","title":"sets dispatchStatus to \"searching\" on creation"},{"ancestorTitles":["Booking — Create Order"],"duration":308,"failing":false,"failureDetails":[],"failureMessages":[],"fullName":"Booking — Create Order rejects order creation without auth","invocations":1,"location":null,"numPassingAsserts":1,"retryReasons":[],"startAt":1783278932106,"status":"passed","title":"rejects order creation without auth"},{"ancestorTitles":["Booking — Create Order"],"duration":280,"failing":false,"failureDetails":[],"failureMessages":[],"fullName":"Booking — Create Order rejects order with missing required fields","invocations":1,"location":null,"numPassingAsserts":1,"retryReasons":[],"startAt":1783278932415,"status":"passed","title":"rejects order with missing required fields"},{"ancestorTitles":["Booking — Create Order"],"duration":256,"failing":false,"failureDetails":[],"failureMessages":[],"fullName":"Booking — Create Order calculates correct price breakdown","invocations":1,"location":null,"numPassingAsserts":6,"retryReasons":[],"startAt":1783278932696,"status":"passed","title":"calculates correct price breakdown"},{"ancestorTitles":["Booking — Create Order"],"duration":315,"failing":false,"failureDetails":[{"matcherResult":{"message":"expect(received).toBeGreaterThanOrEqual(expected)\n\nExpected: >= 2\nReceived:    1","pass":false}}],"failureMessages":["Error: expect(received).toBeGreaterThanOrEqual(expected)\n\nExpected: >= 2\nReceived:    1\n    at Object.toBeGreaterThanOrEqual (C:\\Users\\anand\\OneDrive\\Desktop\\fix\\fixngo\\backend\\src\\tests\\booking-e2e.test.js:113:34)\n    at processTicksAndRejections (node:internal/process/task_queues:105:5)"],"fullName":"Booking — Create Order customer can list their own orders","invocations":1,"location":null,"numPassingAsserts":1,"retryReasons":[],"startAt":1783278932953,"status":"failed","title":"customer can list their own orders"},{"ancestorTitles":["Booking — Create Order"],"duration":426,"failing":false,"failureDetails":[],"failureMessages":[],"fullName":"Booking — Create Order customer cannot see another customer's orders","invocations":1,"location":null,"numPassingAsserts":2,"retryReasons":[],"startAt":1783278933270,"status":"passed","title":"customer cannot see another customer's orders"},{"ancestorTitles":["Booking — Technician Accept / Reject"],"duration":482,"failing":false,"failureDetails":[],"failureMessages":[],"fullName":"Booking — Technician Accept / Reject technician can get offered orders near their location","invocations":1,"location":null,"numPassingAsserts":1,"retryReasons":[],"startAt":1783278933697,"status":"passed","title":"technician can get offered orders near their location"},{"ancestorTitles":["Booking — Technician Accept / Reject"],"duration":416,"failing":false,"failureDetails":[],"failureMessages":[],"fullName":"Booking — Technician Accept / Reject technician can reject a job","invocations":1,"location":null,"numPassingAsserts":1,"retryReasons":[],"startAt":1783278934179,"status":"passed","title":"technician can reject a job"},{"ancestorTitles":["Booking — Technician Accept / Reject"],"duration":361,"failing":false,"failureDetails":[],"failureMessages":[],"fullName":"Booking — Technician Accept / Reject customer can retrieve their order by ID","invocations":1,"location":null,"numPassingAsserts":2,"retryReasons":[],"startAt":1783278934596,"status":"passed","title":"customer can retrieve their order by ID"},{"ancestorTitles":["Booking — Technician Accept / Reject"],"duration":349,"failing":false,"failureDetails":[],"failureMessages":[],"fullName":"Booking — Technician Accept / Reject technician cannot accept a non-existent order","invocations":1,"location":null,"numPassingAsserts":1,"retryReasons":[],"startAt":1783278934957,"status":"passed","title":"technician cannot accept a non-existent order"},{"ancestorTitles":["Booking — Technician Accept / Reject"],"duration":350,"failing":false,"failureDetails":[],"failureMessages":[],"fullName":"Booking — Technician Accept / Reject customer cannot accept orders (wrong role)","invocations":1,"location":null,"numPassingAsserts":1,"retryReasons":[],"startAt":1783278935306,"status":"passed","title":"customer cannot accept orders (wrong role)"},{"ancestorTitles":["Booking — Order Status Flow"],"duration":297,"failing":false,"failureDetails":[],"failureMessages":[],"fullName":"Booking — Order Status Flow order starts as pending","invocations":1,"location":null,"numPassingAsserts":1,"retryReasons":[],"startAt":1783278935656,"status":"passed","title":"order starts as pending"},{"ancestorTitles":["Booking — Order Status Flow"],"duration":260,"failing":false,"failureDetails":[{"matcherResult":{"message":"expect(received).toContain(expected) // indexOf\n\nExpected value: 404\nReceived array: [200, 204]","pass":false}}],"failureMessages":["Error: expect(received).toContain(expected) // indexOf\n\nExpected value: 404\nReceived array: [200, 204]\n    at Object.toContain (C:\\Users\\anand\\OneDrive\\Desktop\\fix\\fixngo\\backend\\src\\tests\\booking-e2e.test.js:212:24)\n    at processTicksAndRejections (node:internal/process/task_queues:105:5)"],"fullName":"Booking — Order Status Flow customer can cancel a pending order","invocations":1,"location":null,"numPassingAsserts":0,"retryReasons":[],"startAt":1783278935953,"status":"failed","title":"customer can cancel a pending order"},{"ancestorTitles":["Booking — Order Status Flow"],"duration":257,"failing":false,"failureDetails":[],"failureMessages":[],"fullName":"Booking — Order Status Flow returns 404 for non-existent order","invocations":1,"location":null,"numPassingAsserts":1,"retryReasons":[],"startAt":1783278936213,"status":"passed","title":"returns 404 for non-existent order"},{"ancestorTitles":["Booking — Order Status Flow"],"duration":271,"failing":false,"failureDetails":[],"failureMessages":[],"fullName":"Booking — Order Status Flow returns 400 for malformed order ID","invocations":1,"location":null,"numPassingAsserts":1,"retryReasons":[],"startAt":1783278936470,"status":"passed","title":"returns 400 for malformed order ID"},{"ancestorTitles":["Booking — Ratings"],"duration":305,"failing":false,"failureDetails":[],"failureMessages":[],"fullName":"Booking — Ratings rejects rating without a completed order","invocations":1,"location":null,"numPassingAsserts":1,"retryReasons":[],"startAt":1783278936742,"status":"passed","title":"rejects rating without a completed order"},{"ancestorTitles":["Booking — Ratings"],"duration":361,"failing":false,"failureDetails":[],"failureMessages":[],"fullName":"Booking — Ratings rejects rating with out-of-range score","invocations":1,"location":null,"numPassingAsserts":1,"retryReasons":[],"startAt":1783278937047,"status":"passed","title":"rejects rating with out-of-range score"}],"endTime":1783278937575,"message":"  ● Booking — Create Order › customer can list their own orders\n\n    expect(received).toBeGreaterThanOrEqual(expected)\n\n    Expected: >= 2\n    Received:    1\n\n    \u001b[0m \u001b[90m 111 |\u001b[39m       \u001b[33m.\u001b[39m\u001b[36mset\u001b[39m(\u001b[32m'Authorization'\u001b[39m\u001b[33m,\u001b[39m \u001b[32m`Bearer ${customerToken}`\u001b[39m)\u001b[33m;\u001b[39m\n     \u001b[90m 112 |\u001b[39m     expect(res\u001b[33m.\u001b[39mstatus)\u001b[33m.\u001b[39mtoBe(\u001b[35m200\u001b[39m)\u001b[33m;\u001b[39m\n    \u001b[31m\u001b[1m>\u001b[22m\u001b[39m\u001b[90m 113 |\u001b[39m     expect(res\u001b[33m.\u001b[39mbody\u001b[33m.\u001b[39mdata\u001b[33m.\u001b[39mlength)\u001b[33m.\u001b[39mtoBeGreaterThanOrEqual(\u001b[35m2\u001b[39m)\u001b[33m;\u001b[39m\n     \u001b[90m     |\u001b[39m                                  \u001b[31m\u001b[1m^\u001b[22m\u001b[39m\n     \u001b[90m 114 |\u001b[39m   })\u001b[33m;\u001b[39m\n     \u001b[90m 115 |\u001b[39m\n     \u001b[90m 116 |\u001b[39m   it(\u001b[32m'customer cannot see another customer\\'s orders'\u001b[39m\u001b[33m,\u001b[39m \u001b[36masync\u001b[39m () \u001b[33m=>\u001b[39m {\u001b[0m\n\n      at Object.toBeGreaterThanOrEqual (src/tests/booking-e2e.test.js:113:34)\n\n  ● Booking — Order Status Flow › customer can cancel a pending order\n\n    expect(received).toContain(expected) // indexOf\n\n    Expected value: 404\n    Received array: [200, 204]\n\n    \u001b[0m \u001b[90m 210 |\u001b[39m       \u001b[33m.\u001b[39mpatch(\u001b[32m`/api/orders/${orderId}/cancel`\u001b[39m)\n     \u001b[90m 211 |\u001b[39m       \u001b[33m.\u001b[39m\u001b[36mset\u001b[39m(\u001b[32m'Authorization'\u001b[39m\u001b[33m,\u001b[39m \u001b[32m`Bearer ${customerToken}`\u001b[39m)\u001b[33m;\u001b[39m\n    \u001b[31m\u001b[1m>\u001b[22m\u001b[39m\u001b[90m 212 |\u001b[39m     expect([\u001b[35m200\u001b[39m\u001b[33m,\u001b[39m \u001b[35m204\u001b[39m])\u001b[33m.\u001b[39mtoContain(res\u001b[33m.\u001b[39mstatus)\u001b[33m;\u001b[39m\n     \u001b[90m     |\u001b[39m                        \u001b[31m\u001b[1m^\u001b[22m\u001b[39m\n     \u001b[90m 213 |\u001b[39m   })\u001b[33m;\u001b[39m\n     \u001b[90m 214 |\u001b[39m\n     \u001b[90m 215 |\u001b[39m   it(\u001b[32m'returns 404 for non-existent order'\u001b[39m\u001b[33m,\u001b[39m \u001b[36masync\u001b[39m () \u001b[33m=>\u001b[39m {\u001b[0m\n\n      at Object.toContain (src/tests/booking-e2e.test.js:212:24)\n","name":"C:\\Users\\anand\\OneDrive\\Desktop\\fix\\fixngo\\backend\\src\\tests\\booking-e2e.test.js","startTime":1783278924075,"status":"failed","summary":""}],"wasInterrupted":false}
